<?xml version="1.0" encoding="UTF-8"?>
<!-- Generated by org.testng.reporters.JUnitXMLReporter -->
<testsuite ignored="0" hostname="LIN24004557" failures="0" tests="4" name="Surefire test" time="33.325" errors="0" timestamp="2024-11-08T11:43:27 IST">
  <testcase classname="SearchTest" name="verifyBrandSearchListsOnlyBrandItems" time="6.707"/>
  <testcase classname="SearchTest" name="verifyIfSearchTermShowsRelevantResults" time="10.641"/>
  <testcase classname="SearchTest" name="verifySearchResultCountMatchesDisplayedItems" time="7.938"/>
  <testcase classname="SearchTest" name="verifySearchUnavailableProduct" time="7.993"/>
</testsuite> <!-- Surefire test -->
