<?xml version="1.0" encoding="UTF-8"?>
<!-- Generated by org.testng.reporters.JUnitXMLReporter -->
<testsuite ignored="0" hostname="LIN24004557" failures="1" tests="5" name="Surefire test" time="47.775" errors="0" timestamp="2024-11-09T19:47:09 IST">
  <testcase classname="BuyAProductTests" name="buyProduct" time="0.011">
    <failure type="java.lang.Error" message="Unresolved compilation problem: 
	browser cannot be resolved to a variable
">
      <![CDATA[java.lang.Error: Unresolved compilation problem: 
browser cannot be resolved to a variable

at BuyAProductTests.buyProduct(BuyAProductTests.java:19)
at java.base/java.util.ArrayList.forEach(ArrayList.java:1541)
... Removed 32 stack frames]]>
    </failure>
  </testcase> <!-- buyProduct -->
  <testcase classname="SearchTest" name="verifyBrandSearchListsOnlyBrandItems" time="12.259"/>
  <testcase classname="SearchTest" name="verifyIfSearchTermShowsRelevantResults" time="12.736"/>
  <testcase classname="SearchTest" name="verifySearchResultCountMatchesDisplayedItems" time="11.759"/>
  <testcase classname="SearchTest" name="verifySearchUnavailableProduct" time="10.886"/>
</testsuite> <!-- Surefire test -->
