<?xml version="1.0" encoding="UTF-8"?>
<!-- Generated by org.testng.reporters.JUnitXMLReporter -->
<testsuite ignored="3" hostname="LIN24004557" failures="0" tests="1" name="Default test" time="14.49" errors="0" timestamp="2024-11-08T14:08:57 IST">
  <testcase classname="SearchTest" name="verifyIfSearchTermShowsRelevantResults" time="14.415"/>
  <testcase classname="SearchTest" name="verifySearchResultCountMatchesDisplayedItems" time="0.0">
    <ignored/>
  </testcase> <!-- verifySearchResultCountMatchesDisplayedItems -->
  <testcase classname="SearchTest" name="verifySearchUnavailableProduct" time="0.0">
    <ignored/>
  </testcase> <!-- verifySearchUnavailableProduct -->
  <testcase classname="SearchTest" name="verifyBrandSearchListsOnlyBrandItems" time="0.0">
    <ignored/>
  </testcase> <!-- verifyBrandSearchListsOnlyBrandItems -->
</testsuite> <!-- Default test -->
