<?xml version="1.0" encoding="UTF-8"?>
<!-- Generated by org.testng.reporters.JUnitXMLReporter -->
<testsuite ignored="0" hostname="LIN24004557" failures="0" tests="4" name="Default test" time="28.062" errors="0" timestamp="2024-11-08T12:04:25 IST">
  <testcase classname="SearchTest" name="verifyBrandSearchListsOnlyBrandItems" time="8.19"/>
  <testcase classname="SearchTest" name="verifyIfSearchTermShowsRelevantResults" time="8.789"/>
  <testcase classname="SearchTest" name="verifySearchResultCountMatchesDisplayedItems" time="3.561"/>
  <testcase classname="SearchTest" name="verifySearchUnavailableProduct" time="7.453"/>
</testsuite> <!-- Default test -->
