<?xml version="1.0" encoding="UTF-8"?>
<testng-results ignored="0" total="5" passed="4" failed="1" skipped="0">
  <reporter-output>
  </reporter-output>
  <suite started-at="2024-11-09T19:46:21 IST" name="Surefire suite" finished-at="2024-11-09T19:47:09 IST" duration-ms="47775">
    <groups>
    </groups>
    <test started-at="2024-11-09T19:46:21 IST" name="Surefire test" finished-at="2024-11-09T19:47:09 IST" duration-ms="47775">
      <class name="SearchTest">
        <test-method signature="verifyBrandSearchListsOnlyBrandItems()[pri:0, instance:SearchTest@5aebe890]" started-at="2024-11-09T19:46:21 IST" name="verifyBrandSearchListsOnlyBrandItems" finished-at="2024-11-09T19:46:33 IST" duration-ms="12259" status="PASS">
          <reporter-output>
          </reporter-output>
        </test-method> <!-- verifyBrandSearchListsOnlyBrandItems -->
        <test-method signature="verifyIfSearchTermShowsRelevantResults()[pri:0, instance:SearchTest@5aebe890]" started-at="2024-11-09T19:46:33 IST" name="verifyIfSearchTermShowsRelevantResults" finished-at="2024-11-09T19:46:46 IST" duration-ms="12736" status="PASS">
          <reporter-output>
          </reporter-output>
        </test-method> <!-- verifyIfSearchTermShowsRelevantResults -->
        <test-method signature="verifySearchResultCountMatchesDisplayedItems()[pri:0, instance:SearchTest@5aebe890]" started-at="2024-11-09T19:46:46 IST" name="verifySearchResultCountMatchesDisplayedItems" finished-at="2024-11-09T19:46:58 IST" duration-ms="11759" status="PASS">
          <reporter-output>
          </reporter-output>
        </test-method> <!-- verifySearchResultCountMatchesDisplayedItems -->
        <test-method signature="verifySearchUnavailableProduct()[pri:0, instance:SearchTest@5aebe890]" started-at="2024-11-09T19:46:58 IST" name="verifySearchUnavailableProduct" finished-at="2024-11-09T19:47:09 IST" duration-ms="10886" status="PASS">
          <reporter-output>
          </reporter-output>
        </test-method> <!-- verifySearchUnavailableProduct -->
      </class> <!-- SearchTest -->
      <class name="BuyAProductTests">
        <test-method signature="buyProduct()[pri:0, instance:BuyAProductTests@c0c2f8d]" started-at="2024-11-09T19:46:21 IST" name="buyProduct" finished-at="2024-11-09T19:46:21 IST" duration-ms="11" status="FAIL">
          <exception class="java.lang.Error">
            <message>
              <![CDATA[Unresolved compilation problem: 
browser cannot be resolved to a variable
]]>
            </message>
            <full-stacktrace>
              <![CDATA[java.lang.Error: Unresolved compilation problem: 
browser cannot be resolved to a variable

at BuyAProductTests.buyProduct(BuyAProductTests.java:19)
at java.base/jdk.internal.reflect.NativeMethodAccessorImpl.invoke0(Native Method)
at java.base/jdk.internal.reflect.NativeMethodAccessorImpl.invoke(NativeMethodAccessorImpl.java:62)
at java.base/jdk.internal.reflect.DelegatingMethodAccessorImpl.invoke(DelegatingMethodAccessorImpl.java:43)
at java.base/java.lang.reflect.Method.invoke(Method.java:566)
at org.testng.internal.invokers.MethodInvocationHelper.invokeMethod(MethodInvocationHelper.java:136)
at org.testng.internal.invokers.TestInvoker.invokeMethod(TestInvoker.java:658)
at org.testng.internal.invokers.TestInvoker.invokeTestMethod(TestInvoker.java:219)
at org.testng.internal.invokers.MethodRunner.runInSequence(MethodRunner.java:50)
at org.testng.internal.invokers.TestInvoker$MethodInvocationAgent.invoke(TestInvoker.java:923)
at org.testng.internal.invokers.TestInvoker.invokeTestMethods(TestInvoker.java:192)
at org.testng.internal.invokers.TestMethodWorker.invokeTestMethods(TestMethodWorker.java:146)
at org.testng.internal.invokers.TestMethodWorker.run(TestMethodWorker.java:128)
at java.base/java.util.ArrayList.forEach(ArrayList.java:1541)
at org.testng.TestRunner.privateRun(TestRunner.java:808)
at org.testng.TestRunner.run(TestRunner.java:603)
at org.testng.SuiteRunner.runTest(SuiteRunner.java:429)
at org.testng.SuiteRunner.runSequentially(SuiteRunner.java:423)
at org.testng.SuiteRunner.privateRun(SuiteRunner.java:383)
at org.testng.SuiteRunner.run(SuiteRunner.java:326)
at org.testng.SuiteRunnerWorker.runSuite(SuiteRunnerWorker.java:52)
at org.testng.SuiteRunnerWorker.run(SuiteRunnerWorker.java:95)
at org.testng.TestNG.runSuitesSequentially(TestNG.java:1249)
at org.testng.TestNG.runSuitesLocally(TestNG.java:1169)
at org.testng.TestNG.runSuites(TestNG.java:1092)
at org.testng.TestNG.run(TestNG.java:1060)
at org.apache.maven.surefire.testng.TestNGExecutor.run(TestNGExecutor.java:155)
at org.apache.maven.surefire.testng.TestNGDirectoryTestSuite.executeMulti(TestNGDirectoryTestSuite.java:169)
at org.apache.maven.surefire.testng.TestNGDirectoryTestSuite.execute(TestNGDirectoryTestSuite.java:88)
at org.apache.maven.surefire.testng.TestNGProvider.invoke(TestNGProvider.java:137)
at org.apache.maven.surefire.booter.ForkedBooter.runSuitesInProcess(ForkedBooter.java:385)
at org.apache.maven.surefire.booter.ForkedBooter.execute(ForkedBooter.java:162)
at org.apache.maven.surefire.booter.ForkedBooter.run(ForkedBooter.java:507)
at org.apache.maven.surefire.booter.ForkedBooter.main(ForkedBooter.java:495)
]]>
            </full-stacktrace>
          </exception> <!-- java.lang.Error -->
          <reporter-output>
          </reporter-output>
        </test-method> <!-- buyProduct -->
      </class> <!-- BuyAProductTests -->
    </test> <!-- Surefire test -->
  </suite> <!-- Surefire suite -->
</testng-results>
