<?xml version="1.0" encoding="UTF-8"?>
<testsuite xmlns:xsi="http://www.w3.org/2001/XMLSchema-instance" xsi:noNamespaceSchemaLocation="https://maven.apache.org/surefire/maven-surefire-plugin/xsd/surefire-test-report-3.0.xsd" version="3.0" name="TestSuite" time="34.496" tests="4" errors="0" skipped="0" failures="0">
  <properties>
[...]
</properties>
  <testcase name="verifyBrandSearchListsOnlyBrandItems" classname="SearchTest" time="6.716">
    <system-out><![CDATA[[]
]]></system-out>
    <system-err><![CDATA[Nov 08, 2024 11:42:58 AM org.openqa.selenium.devtools.CdpVersionFinder findNearestMatch
WARNING: Unable to find CDP implementation matching 130
Nov 08, 2024 11:42:58 AM org.openqa.selenium.chromium.ChromiumDriver lambda$new$5
WARNING: Unable to find version of CDP to use for 130.0.6723.117. You may need to include a dependency on a specific version of the CDP using something similar to `org.seleniumhq.selenium:selenium-devtools-v86:4.15.0` where the version ("v86") matches the version of the chromium-based browser you're using and the version number of the artifact is the same as Selenium's.
]]></system-err>
  </testcase>
  <testcase name="verifyIfSearchTermShowsRelevantResults" classname="SearchTest" time="10.632">
    <system-out><![CDATA[[[[ChromeDriver: chrome on windows (28b072dc2496619899907648daa921f8)] -> css selector: li[id^='predictive-search-option'] a], [[ChromeDriver: chrome on windows (28b072dc2496619899907648daa921f8)] -> css selector: li[id^='predictive-search-option'] a], [[ChromeDriver: chrome on windows (28b072dc2496619899907648daa921f8)] -> css selector: li[id^='predictive-search-option'] a], [[ChromeDriver: chrome on windows (28b072dc2496619899907648daa921f8)] -> css selector: li[id^='predictive-search-option'] a]]
searchItems[Pages.Item@27f3b6d6, Pages.Item@757f675c, Pages.Item@2617f816, Pages.Item@676f0a60]
]]></system-out>
    <system-err><![CDATA[Nov 08, 2024 11:43:04 AM org.openqa.selenium.devtools.CdpVersionFinder findNearestMatch
WARNING: Unable to find CDP implementation matching 130
Nov 08, 2024 11:43:04 AM org.openqa.selenium.chromium.ChromiumDriver lambda$new$5
WARNING: Unable to find version of CDP to use for 130.0.6723.117. You may need to include a dependency on a specific version of the CDP using something similar to `org.seleniumhq.selenium:selenium-devtools-v86:4.15.0` where the version ("v86") matches the version of the chromium-based browser you're using and the version number of the artifact is the same as Selenium's.
]]></system-err>
  </testcase>
  <testcase name="verifySearchResultCountMatchesDisplayedItems" classname="SearchTest" time="7.938">
    <system-out><![CDATA[[]
]]></system-out>
    <system-err><![CDATA[Nov 08, 2024 11:43:16 AM org.openqa.selenium.devtools.CdpVersionFinder findNearestMatch
WARNING: Unable to find CDP implementation matching 130
Nov 08, 2024 11:43:16 AM org.openqa.selenium.chromium.ChromiumDriver lambda$new$5
WARNING: Unable to find version of CDP to use for 130.0.6723.117. You may need to include a dependency on a specific version of the CDP using something similar to `org.seleniumhq.selenium:selenium-devtools-v86:4.15.0` where the version ("v86") matches the version of the chromium-based browser you're using and the version number of the artifact is the same as Selenium's.
]]></system-err>
  </testcase>
  <testcase name="verifySearchUnavailableProduct" classname="SearchTest" time="7.99">
    <system-out><![CDATA[[]
]]></system-out>
    <system-err><![CDATA[Nov 08, 2024 11:43:24 AM org.openqa.selenium.devtools.CdpVersionFinder findNearestMatch
WARNING: Unable to find CDP implementation matching 130
Nov 08, 2024 11:43:24 AM org.openqa.selenium.chromium.ChromiumDriver lambda$new$5
WARNING: Unable to find version of CDP to use for 130.0.6723.117. You may need to include a dependency on a specific version of the CDP using something similar to `org.seleniumhq.selenium:selenium-devtools-v86:4.15.0` where the version ("v86") matches the version of the chromium-based browser you're using and the version number of the artifact is the same as Selenium's.
]]></system-err>
  </testcase>
</testsuite>