<?xml version="1.0" encoding="UTF-8"?>
<testng-results ignored="0" total="4" passed="4" failed="0" skipped="0">
  <reporter-output>
  </reporter-output>
  <suite started-at="2024-11-08T11:42:54 IST" name="Surefire suite" finished-at="2024-11-08T11:43:27 IST" duration-ms="33325">
    <groups>
    </groups>
    <test started-at="2024-11-08T11:42:54 IST" name="Surefire test" finished-at="2024-11-08T11:43:27 IST" duration-ms="33325">
      <class name="SearchTest">
        <test-method signature="verifyBrandSearchListsOnlyBrandItems()[pri:0, instance:SearchTest@69453e37]" started-at="2024-11-08T11:42:54 IST" name="verifyBrandSearchListsOnlyBrandItems" finished-at="2024-11-08T11:43:00 IST" duration-ms="6707" status="PASS">
          <reporter-output>
          </reporter-output>
        </test-method> <!-- verifyBrandSearchListsOnlyBrandItems -->
        <test-method signature="verifyIfSearchTermShowsRelevantResults()[pri:0, instance:SearchTest@69453e37]" started-at="2024-11-08T11:43:00 IST" name="verifyIfSearchTermShowsRelevantResults" finished-at="2024-11-08T11:43:11 IST" duration-ms="10641" status="PASS">
          <reporter-output>
          </reporter-output>
        </test-method> <!-- verifyIfSearchTermShowsRelevantResults -->
        <test-method signature="verifySearchResultCountMatchesDisplayedItems()[pri:0, instance:SearchTest@69453e37]" started-at="2024-11-08T11:43:11 IST" name="verifySearchResultCountMatchesDisplayedItems" finished-at="2024-11-08T11:43:19 IST" duration-ms="7938" status="PASS">
          <reporter-output>
          </reporter-output>
        </test-method> <!-- verifySearchResultCountMatchesDisplayedItems -->
        <test-method signature="verifySearchUnavailableProduct()[pri:0, instance:SearchTest@69453e37]" started-at="2024-11-08T11:43:19 IST" name="verifySearchUnavailableProduct" finished-at="2024-11-08T11:43:27 IST" duration-ms="7993" status="PASS">
          <reporter-output>
          </reporter-output>
        </test-method> <!-- verifySearchUnavailableProduct -->
      </class> <!-- SearchTest -->
    </test> <!-- Surefire test -->
  </suite> <!-- Surefire suite -->
</testng-results>
