<?xml version="1.0" encoding="UTF-8"?>
<testng-results ignored="3" total="4" passed="1" failed="0" skipped="0">
  <reporter-output>
  </reporter-output>
  <suite started-at="2024-11-08T14:08:43 IST" name="Default suite" finished-at="2024-11-08T14:08:57 IST" duration-ms="14490">
    <groups>
    </groups>
    <test started-at="2024-11-08T14:08:43 IST" name="Default test" finished-at="2024-11-08T14:08:57 IST" duration-ms="14490">
      <class name="SearchTest">
        <test-method signature="verifyIfSearchTermShowsRelevantResults()[pri:0, instance:SearchTest@1b2abca6]" started-at="2024-11-08T14:08:43 IST" name="verifyIfSearchTermShowsRelevantResults" finished-at="2024-11-08T14:08:57 IST" duration-ms="14415" status="PASS">
          <reporter-output>
          </reporter-output>
        </test-method> <!-- verifyIfSearchTermShowsRelevantResults -->
      </class> <!-- SearchTest -->
    </test> <!-- Default test -->
  </suite> <!-- Default suite -->
</testng-results>
